SF:lib/shared/utils/date_utils.dart
DA:3,1
DA:4,4
DA:5,3
DA:6,1
LF:4
LH:4
end_of_record
SF:lib/data/models/golf_club.g.dart
DA:13,0
DA:15,0
DA:16,0
DA:17,0
DA:19,0
DA:20,0
DA:21,0
DA:22,0
DA:26,0
DA:29,0
DA:30,0
DA:31,0
DA:32,0
DA:33,0
DA:34,0
DA:35,0
DA:38,0
DA:39,0
DA:41,0
DA:44,0
DA:45,0
DA:46,0
DA:53,0
DA:55,0
DA:56,0
DA:58,0
DA:60,0
DA:62,0
DA:69,1
DA:72,1
DA:73,1
DA:75,1
DA:76,0
DA:78,1
DA:79,0
DA:81,1
DA:82,1
DA:87,0
DA:88,0
DA:90,0
DA:93,0
DA:94,0
DA:95,0
LF:43
LH:7
end_of_record
SF:lib/data/models/golf_club.dart
DA:41,0
LF:1
LH:0
end_of_record
SF:lib/data/models/practice_session.dart
DA:10,0
DA:12,0
DA:13,0
DA:16,1
DA:18,2
DA:41,4
DA:49,3
DA:52,6
LF:8
LH:5
end_of_record
SF:lib/data/models/practice_session.g.dart
DA:13,0
DA:15,0
DA:16,0
DA:17,0
DA:19,0
DA:20,0
DA:21,0
DA:22,0
DA:23,0
DA:27,1
DA:30,1
DA:31,1
DA:32,2
DA:33,1
DA:34,2
DA:35,1
DA:36,2
DA:37,1
DA:38,2
DA:41,0
DA:42,0
DA:44,0
DA:47,0
DA:48,0
DA:49,0
LF:25
LH:10
end_of_record
SF:lib/data/models/shot.dart
DA:21,5
DA:27,1
DA:29,4
LF:3
LH:3
end_of_record
SF:lib/data/models/shot.g.dart
DA:13,0
DA:15,0
DA:16,0
DA:17,0
DA:19,0
DA:20,0
DA:21,0
DA:22,0
DA:26,1
DA:29,1
DA:30,1
DA:31,2
DA:32,1
DA:33,2
DA:34,1
DA:35,2
DA:38,0
DA:39,0
DA:41,0
DA:44,0
DA:45,0
DA:46,0
LF:22
LH:8
end_of_record
SF:lib/data/repositories/analytics_repository.dart
DA:7,1
DA:8,6
DA:12,1
DA:16,1
DA:17,4
DA:18,1
DA:19,1
DA:20,7
DA:21,1
DA:25,1
DA:26,1
DA:27,2
DA:28,7
DA:34,1
DA:35,1
DA:36,1
DA:37,1
DA:38,2
DA:39,4
DA:45,1
DA:46,1
DA:47,2
DA:48,6
DA:49,1
DA:50,1
DA:51,7
DA:52,1
DA:54,1
DA:61,1
DA:62,1
DA:63,2
DA:64,6
DA:65,2
DA:67,7
DA:68,1
DA:71,5
DA:72,4
DA:73,2
DA:74,2
DA:76,1
DA:83,1
DA:87,1
DA:88,1
DA:89,1
DA:90,2
DA:91,4
LF:46
LH:46
end_of_record
SF:lib/data/repositories/practice_repository.dart
DA:9,1
DA:12,1
DA:15,2
DA:19,0
DA:20,0
DA:24,0
DA:25,0
DA:29,0
DA:30,0
DA:34,1
DA:35,2
DA:37,1
DA:38,3
DA:40,2
DA:45,0
DA:46,0
LF:16
LH:8
end_of_record
SF:lib/data/models/practice_session_ext.dart
DA:6,1
DA:12,1
DA:13,1
DA:14,1
DA:15,0
DA:16,1
DA:21,0
DA:22,0
DA:26,0
DA:27,0
DA:28,0
DA:29,0
DA:30,0
DA:34,0
DA:35,0
LF:15
LH:5
end_of_record
SF:lib/features/practice/widgets/club_selector_widget.dart
DA:17,1
DA:21,1
DA:39,1
DA:41,1
DA:43,2
DA:44,2
DA:45,1
DA:46,3
DA:47,1
DA:50,1
DA:51,0
DA:52,1
DA:53,0
DA:56,1
DA:58,1
DA:60,1
DA:61,2
DA:63,1
DA:64,1
DA:65,1
DA:67,0
DA:74,1
DA:84,0
DA:86,0
DA:88,0
DA:89,0
DA:90,0
DA:92,0
DA:94,0
DA:96,0
LF:30
LH:19
end_of_record
SF:lib/features/practice/providers/practice_provider.dart
DA:14,0
DA:17,0
DA:18,0
DA:19,0
DA:25,0
DA:27,0
DA:28,0
DA:30,0
DA:31,0
DA:37,0
DA:38,0
DA:41,0
DA:42,0
DA:43,0
DA:44,0
DA:46,0
DA:48,0
DA:52,0
DA:53,0
DA:54,0
DA:55,0
DA:57,0
DA:61,0
DA:62,0
DA:63,0
DA:64,0
DA:68,0
DA:69,0
DA:70,0
LF:29
LH:0
end_of_record
SF:lib/data/models/user.g.dart
DA:13,0
DA:15,0
DA:16,0
DA:17,0
DA:19,0
DA:20,0
DA:21,0
DA:22,0
DA:23,0
DA:27,1
DA:30,1
DA:31,1
DA:32,2
DA:33,1
DA:34,2
DA:35,1
DA:36,2
DA:37,1
DA:38,2
DA:41,0
DA:42,0
DA:44,0
DA:47,0
DA:48,0
DA:49,0
LF:25
LH:10
end_of_record
SF:lib/data/models/user.dart
DA:7,1
DA:9,0
DA:10,0
DA:27,1
DA:35,1
DA:36,3
DA:37,0
DA:39,3
DA:40,0
DA:42,1
DA:43,2
DA:44,0
DA:46,3
DA:47,0
LF:14
LH:8
end_of_record
SF:lib/data/repositories/auth_repository.dart
DA:12,1
DA:13,1
DA:16,1
DA:17,1
DA:18,0
DA:20,1
DA:21,0
DA:23,2
DA:26,5
DA:28,1
DA:31,2
DA:32,1
DA:33,3
DA:38,1
DA:39,2
DA:42,1
DA:48,1
DA:49,2
DA:50,2
DA:54,0
DA:55,0
DA:56,0
DA:58,0
DA:59,0
DA:63,0
DA:64,0
DA:65,0
DA:69,1
DA:70,2
DA:72,2
DA:73,2
DA:79,3
DA:82,1
DA:88,1
DA:89,2
DA:90,1
DA:94,1
DA:95,1
DA:96,2
DA:97,2
DA:102,0
DA:103,0
DA:104,0
DA:106,0
DA:107,0
LF:45
LH:30
end_of_record
SF:lib/data/services/auth_service.dart
DA:24,1
DA:25,1
DA:26,2
DA:27,1
DA:28,2
DA:36,1
DA:37,1
DA:38,2
DA:39,1
DA:40,1
DA:41,2
DA:42,1
DA:43,2
DA:50,1
DA:51,1
DA:52,1
DA:60,1
DA:61,1
DA:62,1
DA:68,1
DA:71,1
DA:72,6
LF:22
LH:22
end_of_record
SF:lib/features/auth/register_screen.dart
DA:16,3
DA:18,2
DA:19,2
DA:34,2
DA:36,4
DA:37,4
DA:38,4
DA:39,4
DA:40,2
DA:43,1
DA:44,2
DA:45,1
DA:46,1
DA:47,1
DA:48,1
DA:51,3
DA:52,3
DA:53,2
DA:54,2
DA:59,1
DA:60,1
DA:65,1
DA:66,1
DA:68,2
DA:69,1
DA:74,1
DA:75,1
DA:77,2
DA:78,0
DA:83,1
DA:84,1
DA:86,1
DA:87,1
DA:92,1
DA:96,2
DA:98,2
DA:99,2
DA:101,2
DA:102,0
DA:103,0
DA:106,2
DA:107,2
DA:108,2
DA:109,2
DA:111,2
DA:112,2
DA:113,2
DA:114,2
DA:116,4
DA:117,1
DA:118,1
DA:120,1
DA:121,1
DA:122,1
DA:123,1
DA:125,1
DA:126,1
DA:128,1
DA:140,1
DA:141,1
DA:150,2
DA:151,2
DA:152,2
DA:154,2
DA:159,2
DA:161,2
DA:162,2
DA:163,2
DA:165,2
DA:171,2
DA:173,2
DA:174,2
DA:175,2
DA:177,2
DA:183,2
DA:185,2
DA:186,2
DA:187,2
DA:189,2
DA:195,2
DA:197,4
DA:198,0
DA:200,4
DA:201,0
DA:203,0
DA:205,0
DA:206,0
DA:211,2
DA:213,1
DA:214,2
DA:215,1
DA:220,2
DA:221,2
DA:222,1
DA:223,2
LF:95
LH:87
end_of_record
SF:lib/features/auth/login_screen.dart
DA:16,2
DA:18,2
DA:19,2
DA:24,4
DA:25,2
DA:26,2
DA:31,2
DA:33,4
DA:34,4
DA:35,2
DA:38,1
DA:39,2
DA:40,1
DA:41,1
DA:44,3
DA:45,2
DA:50,1
DA:51,1
DA:53,2
DA:54,1
DA:59,1
DA:60,1
DA:65,1
DA:69,2
DA:71,2
DA:72,2
DA:74,2
DA:76,0
DA:77,0
DA:80,2
DA:82,2
DA:83,2
DA:85,2
DA:86,2
DA:87,2
DA:89,2
DA:90,2
DA:92,6
DA:93,2
DA:100,4
DA:101,0
DA:102,4
DA:103,1
DA:104,1
DA:106,1
DA:107,1
DA:109,1
DA:110,1
DA:112,1
DA:124,1
DA:125,1
DA:131,4
DA:132,0
DA:134,0
DA:136,0
DA:137,0
DA:142,2
DA:143,2
DA:145,2
DA:148,2
DA:151,2
DA:152,2
DA:160,2
DA:161,2
DA:162,2
DA:164,2
DA:167,2
DA:170,2
DA:171,2
DA:179,2
DA:180,2
DA:182,1
DA:183,2
DA:184,1
DA:188,2
DA:189,2
DA:191,2
DA:199,2
DA:200,1
DA:201,2
DA:202,1
DA:203,1
LF:82
LH:75
end_of_record
SF:lib/features/auth/providers/auth_provider.dart
DA:27,0
DA:28,0
DA:29,0
DA:33,0
DA:37,0
DA:40,0
DA:43,0
DA:46,0
DA:47,0
DA:50,0
DA:51,0
DA:53,0
DA:55,0
DA:56,0
DA:58,0
DA:61,0
DA:66,0
DA:67,0
DA:69,0
DA:70,0
DA:71,0
DA:73,0
DA:78,0
DA:79,0
DA:81,0
DA:82,0
DA:83,0
DA:85,0
DA:90,0
DA:91,0
DA:93,0
DA:95,0
DA:96,0
DA:98,0
DA:101,0
DA:106,0
DA:107,0
DA:108,0
DA:109,0
DA:113,0
DA:114,0
DA:115,0
DA:116,0
DA:120,0
DA:121,0
DA:122,0
LF:46
LH:0
end_of_record
SF:lib/shared/widgets/custom_button.dart
DA:7,2
DA:9,2
DA:11,8
LF:3
LH:3
end_of_record
SF:lib/core/navigation/app_router.dart
DA:49,0
DA:50,0
DA:53,0
DA:54,0
DA:56,0
DA:58,0
DA:59,0
DA:60,0
DA:61,0
DA:62,0
DA:63,0
DA:64,0
DA:65,0
DA:66,0
DA:67,0
DA:68,0
DA:69,0
DA:70,0
DA:71,0
DA:72,0
DA:78,0
DA:80,0
DA:81,0
DA:86,0
DA:90,0
DA:91,0
DA:92,0
DA:94,0
DA:96,0
DA:98,0
DA:100,0
DA:102,0
DA:109,0
DA:111,0
DA:112,0
LF:35
LH:0
end_of_record
SF:lib/core/theme/app_theme.dart
DA:32,0
LF:1
LH:0
end_of_record
SF:lib/main.dart
DA:8,0
DA:9,0
DA:10,0
DA:12,0
DA:13,0
DA:14,0
DA:15,0
DA:16,0
DA:17,0
DA:19,0
DA:20,0
DA:21,0
DA:22,0
DA:24,0
DA:28,2
DA:31,1
DA:33,1
DA:35,1
DA:51,1
DA:59,1
DA:72,1
DA:73,1
DA:79,1
DA:80,2
DA:86,2
DA:90,1
DA:98,1
DA:99,1
DA:103,3
DA:106,3
DA:108,1
DA:111,1
DA:126,1
DA:128,1
DA:129,2
DA:130,3
DA:135,1
DA:136,1
LF:38
LH:24
end_of_record
