SF:lib/data/models/golf_club.g.dart
DA:13,0
DA:15,0
DA:16,0
DA:17,0
DA:19,0
DA:20,0
DA:21,0
DA:22,0
DA:26,0
DA:29,0
DA:30,0
DA:31,0
DA:32,0
DA:33,0
DA:34,0
DA:35,0
DA:38,0
DA:39,0
DA:41,0
DA:44,0
DA:45,0
DA:46,0
DA:53,0
DA:55,0
DA:56,0
DA:58,0
DA:60,0
DA:62,0
DA:69,0
DA:72,0
DA:73,0
DA:75,0
DA:76,0
DA:78,0
DA:79,0
DA:81,0
DA:82,0
DA:87,0
DA:88,0
DA:90,0
DA:93,0
DA:94,0
DA:95,0
LF:43
LH:0
end_of_record
SF:lib/data/models/golf_club.dart
DA:41,0
LF:1
LH:0
end_of_record
SF:lib/data/models/practice_session.dart
DA:10,0
DA:12,0
DA:13,0
DA:16,0
DA:18,0
DA:41,1
DA:49,0
DA:52,0
LF:8
LH:1
end_of_record
SF:lib/data/models/practice_session.g.dart
DA:13,0
DA:15,0
DA:16,0
DA:17,0
DA:19,0
DA:20,0
DA:21,0
DA:22,0
DA:23,0
DA:27,0
DA:30,0
DA:31,0
DA:32,0
DA:33,0
DA:34,0
DA:35,0
DA:36,0
DA:37,0
DA:38,0
DA:41,0
DA:42,0
DA:44,0
DA:47,0
DA:48,0
DA:49,0
LF:25
LH:0
end_of_record
SF:lib/data/models/shot.dart
DA:21,1
DA:27,0
DA:29,0
LF:3
LH:1
end_of_record
SF:lib/data/models/shot.g.dart
DA:13,0
DA:15,0
DA:16,0
DA:17,0
DA:19,0
DA:20,0
DA:21,0
DA:22,0
DA:26,0
DA:29,0
DA:30,0
DA:31,0
DA:32,0
DA:33,0
DA:34,0
DA:35,0
DA:38,0
DA:39,0
DA:41,0
DA:44,0
DA:45,0
DA:46,0
LF:22
LH:0
end_of_record
SF:lib/data/repositories/analytics_repository.dart
DA:7,1
DA:8,6
DA:12,1
DA:16,1
DA:17,4
DA:18,1
DA:19,1
DA:20,7
DA:21,1
DA:25,1
DA:26,1
DA:27,2
DA:28,7
DA:34,1
DA:35,1
DA:36,1
DA:37,1
DA:38,2
DA:39,4
DA:45,1
DA:46,1
DA:47,2
DA:48,6
DA:49,1
DA:50,1
DA:51,7
DA:52,1
DA:54,1
DA:61,1
DA:62,1
DA:63,2
DA:64,6
DA:65,2
DA:67,7
DA:68,1
DA:71,5
DA:72,4
DA:73,2
DA:74,2
DA:76,1
DA:83,1
DA:87,1
DA:88,1
DA:89,1
DA:90,2
DA:91,4
LF:46
LH:46
end_of_record
